  jsoncpp.cpp
  main.cpp
  module.cpp
  Daum.cpp
  Facebook.cpp
  Naver.cpp
  VLive.cpp
  코드를 생성하고 있습니다.
  597 of 3574 functions (16.7%) were compiled, the rest were copied from previous compilation.
    0 functions were new in current compilation
    1 functions had inline decision re-evaluated but remain unchanged
  코드를 생성했습니다.
cpr.lib(auth.obj) : warning LNK4099: 'cpr.pdb' PDB를 'cpr.lib(auth.obj)' 또는 'C:\Users\Kim.K\Documents\Visual Studio 2015\Projects\vdl\Release\cpr.pdb'에서 찾을 수 없습니다. 디버그 정보가 없는 것처럼 개체를 링크합니다.
cpr.lib(cookies.obj) : warning LNK4099: 'cpr.pdb' PDB를 'cpr.lib(cookies.obj)' 또는 'C:\Users\Kim.K\Documents\Visual Studio 2015\Projects\vdl\Release\cpr.pdb'에서 찾을 수 없습니다. 디버그 정보가 없는 것처럼 개체를 링크합니다.
cpr.lib(cprtypes.obj) : warning LNK4099: 'cpr.pdb' PDB를 'cpr.lib(cprtypes.obj)' 또는 'C:\Users\Kim.K\Documents\Visual Studio 2015\Projects\vdl\Release\cpr.pdb'에서 찾을 수 없습니다. 디버그 정보가 없는 것처럼 개체를 링크합니다.
cpr.lib(digest.obj) : warning LNK4099: 'cpr.pdb' PDB를 'cpr.lib(digest.obj)' 또는 'C:\Users\Kim.K\Documents\Visual Studio 2015\Projects\vdl\Release\cpr.pdb'에서 찾을 수 없습니다. 디버그 정보가 없는 것처럼 개체를 링크합니다.
cpr.lib(error.obj) : warning LNK4099: 'cpr.pdb' PDB를 'cpr.lib(error.obj)' 또는 'C:\Users\Kim.K\Documents\Visual Studio 2015\Projects\vdl\Release\cpr.pdb'에서 찾을 수 없습니다. 디버그 정보가 없는 것처럼 개체를 링크합니다.
cpr.lib(parameters.obj) : warning LNK4099: 'cpr.pdb' PDB를 'cpr.lib(parameters.obj)' 또는 'C:\Users\Kim.K\Documents\Visual Studio 2015\Projects\vdl\Release\cpr.pdb'에서 찾을 수 없습니다. 디버그 정보가 없는 것처럼 개체를 링크합니다.
cpr.lib(payload.obj) : warning LNK4099: 'cpr.pdb' PDB를 'cpr.lib(payload.obj)' 또는 'C:\Users\Kim.K\Documents\Visual Studio 2015\Projects\vdl\Release\cpr.pdb'에서 찾을 수 없습니다. 디버그 정보가 없는 것처럼 개체를 링크합니다.
cpr.lib(proxies.obj) : warning LNK4099: 'cpr.pdb' PDB를 'cpr.lib(proxies.obj)' 또는 'C:\Users\Kim.K\Documents\Visual Studio 2015\Projects\vdl\Release\cpr.pdb'에서 찾을 수 없습니다. 디버그 정보가 없는 것처럼 개체를 링크합니다.
cpr.lib(session.obj) : warning LNK4099: 'cpr.pdb' PDB를 'cpr.lib(session.obj)' 또는 'C:\Users\Kim.K\Documents\Visual Studio 2015\Projects\vdl\Release\cpr.pdb'에서 찾을 수 없습니다. 디버그 정보가 없는 것처럼 개체를 링크합니다.
cpr.lib(timeout.obj) : warning LNK4099: 'cpr.pdb' PDB를 'cpr.lib(timeout.obj)' 또는 'C:\Users\Kim.K\Documents\Visual Studio 2015\Projects\vdl\Release\cpr.pdb'에서 찾을 수 없습니다. 디버그 정보가 없는 것처럼 개체를 링크합니다.
cpr.lib(util.obj) : warning LNK4099: 'cpr.pdb' PDB를 'cpr.lib(util.obj)' 또는 'C:\Users\Kim.K\Documents\Visual Studio 2015\Projects\vdl\Release\cpr.pdb'에서 찾을 수 없습니다. 디버그 정보가 없는 것처럼 개체를 링크합니다.
cpr.lib(ssl_options.obj) : warning LNK4099: 'cpr.pdb' PDB를 'cpr.lib(ssl_options.obj)' 또는 'C:\Users\Kim.K\Documents\Visual Studio 2015\Projects\vdl\Release\cpr.pdb'에서 찾을 수 없습니다. 디버그 정보가 없는 것처럼 개체를 링크합니다.
  vdl.vcxproj -> C:\Users\Kim.K\Documents\Visual Studio 2015\Projects\vdl\Release\vdl.exe
